[debug] [2024-06-13T05:25:31.341Z] ----------------------------------------------------------------------
[debug] [2024-06-13T05:25:31.342Z] Command:       C:\Program Files\nodejs\node.exe C:\Users\hemas\AppData\Roaming\npm\node_modules\firebase-tools\lib\bin\firebase.js init
[debug] [2024-06-13T05:25:31.342Z] CLI Version:   13.11.2
[debug] [2024-06-13T05:25:31.342Z] Platform:      win32
[debug] [2024-06-13T05:25:31.342Z] Node Version:  v18.17.0
[debug] [2024-06-13T05:25:31.343Z] Time:          Thu Jun 13 2024 10:55:31 GMT+0530 (India Standard Time)
[debug] [2024-06-13T05:25:31.343Z] ----------------------------------------------------------------------
[debug] 
[debug] [2024-06-13T05:25:31.347Z] > command requires scopes: ["email","openid","https://www.googleapis.com/auth/cloudplatformprojects.readonly","https://www.googleapis.com/auth/firebase","https://www.googleapis.com/auth/cloud-platform"]
[debug] [2024-06-13T05:25:31.347Z] > authorizing via signed-in user (the.epicclub1@gmail.com)
[info] 
     ######## #### ########  ######## ########     ###     ######  ########
     ##        ##  ##     ## ##       ##     ##  ##   ##  ##       ##
     ######    ##  ########  ######   ########  #########  ######  ######
     ##        ##  ##    ##  ##       ##     ## ##     ##       ## ##
     ##       #### ##     ## ######## ########  ##     ##  ######  ########

You're about to initialize a Firebase project in this directory:

  C:\MSH\Work\utilize-assignment

Before we get started, keep in mind:

  * You are currently outside your home directory

[info] 
=== Project Setup
[info] 
[info] First, let's associate this project directory with a Firebase project.
[info] You can create multiple project aliases by running firebase use --add, 
[info] but for now we'll just set up a default project.
[info] 
[debug] [2024-06-13T05:25:36.905Z] >>> [apiv2][query] GET https://firebase.googleapis.com/v1beta1/projects pageSize=100
[debug] [2024-06-13T05:25:37.643Z] <<< [apiv2][status] GET https://firebase.googleapis.com/v1beta1/projects 200
[debug] [2024-06-13T05:25:37.643Z] <<< [apiv2][body] GET https://firebase.googleapis.com/v1beta1/projects [omitted]
[debug] [2024-06-13T05:26:04.079Z] ----------------------------------------------------------------------
[debug] [2024-06-13T05:26:04.080Z] Command:       C:\Program Files\nodejs\node.exe C:\Users\hemas\AppData\Roaming\npm\node_modules\firebase-tools\lib\bin\firebase.js init
[debug] [2024-06-13T05:26:04.081Z] CLI Version:   13.11.2
[debug] [2024-06-13T05:26:04.081Z] Platform:      win32
[debug] [2024-06-13T05:26:04.081Z] Node Version:  v18.17.0
[debug] [2024-06-13T05:26:04.081Z] Time:          Thu Jun 13 2024 10:56:04 GMT+0530 (India Standard Time)
[debug] [2024-06-13T05:26:04.081Z] ----------------------------------------------------------------------
[debug] 
[debug] [2024-06-13T05:26:04.086Z] > command requires scopes: ["email","openid","https://www.googleapis.com/auth/cloudplatformprojects.readonly","https://www.googleapis.com/auth/firebase","https://www.googleapis.com/auth/cloud-platform"]
[debug] [2024-06-13T05:26:04.086Z] > authorizing via signed-in user (the.epicclub1@gmail.com)
[info] 
     ######## #### ########  ######## ########     ###     ######  ########
     ##        ##  ##     ## ##       ##     ##  ##   ##  ##       ##
     ######    ##  ########  ######   ########  #########  ######  ######
     ##        ##  ##    ##  ##       ##     ## ##     ##       ## ##
     ##       #### ##     ## ######## ########  ##     ##  ######  ########

You're about to initialize a Firebase project in this directory:

  C:\MSH\Work\utilize-assignment

Before we get started, keep in mind:

  * You are currently outside your home directory

[info] 
=== Project Setup
[info] 
[info] First, let's associate this project directory with a Firebase project.
[info] You can create multiple project aliases by running firebase use --add, 
[info] but for now we'll just set up a default project.
[info] 
[info] i  If you want to create a project in a Google Cloud organization or folder, please use "firebase projects:create" instead, and return to this command when you've created the project. 
[debug] [2024-06-13T05:27:01.120Z] >>> [apiv2][query] POST https://cloudresourcemanager.googleapis.com/v1/projects [none]
[debug] [2024-06-13T05:27:01.120Z] >>> [apiv2][body] POST https://cloudresourcemanager.googleapis.com/v1/projects {"projectId":"utilize","name":"utilize"}
[debug] [2024-06-13T05:27:02.688Z] <<< [apiv2][status] POST https://cloudresourcemanager.googleapis.com/v1/projects 409
[debug] [2024-06-13T05:27:02.688Z] <<< [apiv2][body] POST https://cloudresourcemanager.googleapis.com/v1/projects {"error":{"code":409,"message":"Requested entity already exists","status":"ALREADY_EXISTS"}}
[debug] [2024-06-13T05:27:02.925Z] FirebaseError: HTTP Error: 409, Requested entity already exists
    at responseToError (C:\Users\hemas\AppData\Roaming\npm\node_modules\firebase-tools\lib\responseToError.js:49:12)
    at RetryOperation._fn (C:\Users\hemas\AppData\Roaming\npm\node_modules\firebase-tools\lib\apiv2.js:305:77)
    at process.processTicksAndRejections (node:internal/process/task_queues:95:5)
[error] 
[error] Error: Failed to create project because there is already a project with ID utilize. Please try again with a unique project ID.
